<?xml version="1.0" encoding="UTF-8"?>
<testsuite name="lv.javaguru.travel.insurance.core.validations.agreement.AgreementDateToValidationTest" tests="2" skipped="0" failures="0" errors="0" timestamp="2023-04-15T06:16:52" hostname="VSAVONINS" time="0.002">
  <properties/>
  <testcase name="shouldReturnErrorWhenAgreementDateToIsNull()" classname="lv.javaguru.travel.insurance.core.validations.agreement.AgreementDateToValidationTest" time="0.001"/>
  <testcase name="shouldNotReturnErrorWhenAgreementDateToIsPresent()" classname="lv.javaguru.travel.insurance.core.validations.agreement.AgreementDateToValidationTest" time="0.0"/>
  <system-out><![CDATA[]]></system-out>
  <system-err><![CDATA[]]></system-err>
</testsuite>
