<?xml version="1.0" encoding="UTF-8"?>
<testsuite name="lv.javaguru.travel.insurance.core.underwriting.integration.MedicalRiskLimitLevelSwitchDisabledIntegrationTest" tests="1" skipped="1" failures="0" errors="0" timestamp="2023-04-15T06:16:51" hostname="VSAVONINS" time="0.0">
  <properties/>
  <testcase name="shouldBeDisabledMedicalRiskLimitLevel()" classname="lv.javaguru.travel.insurance.core.underwriting.integration.MedicalRiskLimitLevelSwitchDisabledIntegrationTest" time="0.0">
    <skipped/>
  </testcase>
  <system-out><![CDATA[]]></system-out>
  <system-err><![CDATA[]]></system-err>
</testsuite>
