<?xml version="1.0" encoding="UTF-8"?>
<testsuite name="lv.javaguru.travel.insurance.core.validations.TravelAgreementValidatorImplTest" tests="4" skipped="0" failures="0" errors="0" timestamp="2023-04-15T06:16:52" hostname="VSAVONINS" time="0.014">
  <properties/>
  <testcase name="shouldReturnAgreementAndPersonErrors()" classname="lv.javaguru.travel.insurance.core.validations.TravelAgreementValidatorImplTest" time="0.009"/>
  <testcase name="shouldReturnPersonErrors()" classname="lv.javaguru.travel.insurance.core.validations.TravelAgreementValidatorImplTest" time="0.001"/>
  <testcase name="shouldReturnAgreementErrors()" classname="lv.javaguru.travel.insurance.core.validations.TravelAgreementValidatorImplTest" time="0.001"/>
  <testcase name="shouldNotReturnErrors()" classname="lv.javaguru.travel.insurance.core.validations.TravelAgreementValidatorImplTest" time="0.001"/>
  <system-out><![CDATA[]]></system-out>
  <system-err><![CDATA[]]></system-err>
</testsuite>
