<?xml version="1.0" encoding="UTF-8"?>
<testsuite name="lv.javaguru.travel.insurance.core.underwriting.calculators.medical.CountryDefaultDayRateCalculatorTest" tests="2" skipped="0" failures="0" errors="0" timestamp="2023-04-15T06:16:51" hostname="VSAVONINS" time="0.033">
  <properties/>
  <testcase name="shouldThrowExceptionWhenCountryDayRateNotFound()" classname="lv.javaguru.travel.insurance.core.underwriting.calculators.medical.CountryDefaultDayRateCalculatorTest" time="0.023"/>
  <testcase name="shouldCalculateDayRateWhenCountryDayRateExists()" classname="lv.javaguru.travel.insurance.core.underwriting.calculators.medical.CountryDefaultDayRateCalculatorTest" time="0.009"/>
  <system-out><![CDATA[]]></system-out>
  <system-err><![CDATA[]]></system-err>
</testsuite>
