<?xml version="1.0" encoding="UTF-8"?>
<testsuite name="lv.javaguru.travel.insurance.rest.v2.TravelCalculatePremiumControllerTestCase24" tests="1" skipped="0" failures="0" errors="0" timestamp="2023-04-15T06:16:55" hostname="VSAVONINS" time="0.007">
  <properties/>
  <testcase name="execute()" classname="lv.javaguru.travel.insurance.rest.v2.TravelCalculatePremiumControllerTestCase24" time="0.007"/>
  <system-out><![CDATA[2023-04-15 09:16:55,119 [Test worker] INFO  o.s.b.t.c.SpringBootTestContextBootstrapper - Neither @ContextConfiguration nor @ContextHierarchy found for test class [lv.javaguru.travel.insurance.rest.v2.TravelCalculatePremiumControllerTestCase24], using SpringBootContextLoader
2023-04-15 09:16:55,119 [Test worker] INFO  o.s.t.c.s.AbstractContextLoader - Could not detect default resource locations for test class [lv.javaguru.travel.insurance.rest.v2.TravelCalculatePremiumControllerTestCase24]: no resource found for suffixes {-context.xml, Context.groovy}.
2023-04-15 09:16:55,119 [Test worker] INFO  o.s.t.c.s.AnnotationConfigContextLoaderUtils - Could not detect default configuration classes for test class [lv.javaguru.travel.insurance.rest.v2.TravelCalculatePremiumControllerTestCase24]: TravelCalculatePremiumControllerTestCase24 does not declare any static, non-private, non-final, nested classes annotated with @Configuration.
2023-04-15 09:16:55,121 [Test worker] INFO  o.s.b.t.c.SpringBootTestContextBootstrapper - Found @SpringBootConfiguration lv.javaguru.travel.insurance.InsuranceApplication for test class lv.javaguru.travel.insurance.rest.v2.TravelCalculatePremiumControllerTestCase24
2023-04-15 09:16:55,121 [Test worker] INFO  o.s.b.t.c.SpringBootTestContextBootstrapper - Loaded default TestExecutionListener class names from location [META-INF/spring.factories]: [org.springframework.boot.test.autoconfigure.restdocs.RestDocsTestExecutionListener, org.springframework.boot.test.autoconfigure.web.client.MockRestServiceServerResetTestExecutionListener, org.springframework.boot.test.autoconfigure.web.servlet.MockMvcPrintOnlyOnFailureTestExecutionListener, org.springframework.boot.test.autoconfigure.web.servlet.WebDriverTestExecutionListener, org.springframework.boot.test.autoconfigure.webservices.client.MockWebServiceServerTestExecutionListener, org.springframework.boot.test.mock.mockito.MockitoTestExecutionListener, org.springframework.boot.test.mock.mockito.ResetMocksTestExecutionListener, org.springframework.test.context.web.ServletTestExecutionListener, org.springframework.test.context.support.DirtiesContextBeforeModesTestExecutionListener, org.springframework.test.context.event.ApplicationEventsTestExecutionListener, org.springframework.test.context.support.DependencyInjectionTestExecutionListener, org.springframework.test.context.support.DirtiesContextTestExecutionListener, org.springframework.test.context.transaction.TransactionalTestExecutionListener, org.springframework.test.context.jdbc.SqlScriptsTestExecutionListener, org.springframework.test.context.event.EventPublishingTestExecutionListener]
2023-04-15 09:16:55,121 [Test worker] INFO  o.s.b.t.c.SpringBootTestContextBootstrapper - Using TestExecutionListeners: [org.springframework.test.context.web.ServletTestExecutionListener@72bd8702, org.springframework.test.context.support.DirtiesContextBeforeModesTestExecutionListener@2620d0dc, org.springframework.test.context.event.ApplicationEventsTestExecutionListener@18f90bd8, org.springframework.boot.test.mock.mockito.MockitoTestExecutionListener@1ff9d66b, org.springframework.boot.test.autoconfigure.SpringBootDependencyInjectionTestExecutionListener@1e2c701, org.springframework.test.context.support.DirtiesContextTestExecutionListener@21e441d1, org.springframework.test.context.transaction.TransactionalTestExecutionListener@711329fe, org.springframework.test.context.jdbc.SqlScriptsTestExecutionListener@2088e339, org.springframework.test.context.event.EventPublishingTestExecutionListener@37c5e2e6, org.springframework.boot.test.autoconfigure.restdocs.RestDocsTestExecutionListener@342cc706, org.springframework.boot.test.autoconfigure.web.client.MockRestServiceServerResetTestExecutionListener@5c9844a4, org.springframework.boot.test.autoconfigure.web.servlet.MockMvcPrintOnlyOnFailureTestExecutionListener@3beee525, org.springframework.boot.test.autoconfigure.web.servlet.WebDriverTestExecutionListener@2324e26c, org.springframework.boot.test.autoconfigure.webservices.client.MockWebServiceServerTestExecutionListener@716205f9, org.springframework.boot.test.mock.mockito.ResetMocksTestExecutionListener@6fc1d215]
2023-04-15 09:16:55,125 [Test worker] INFO  l.j.t.i.r.v.TravelCalculatePremiumRequestLoggerV2 - REQUEST: {"agreementDateFrom":"2050-05-29","agreementDateTo":"2060-05-29","country":"","selectedRisks":["TRAVEL_MEDICAL"],"persons":[{"personFirstName":"Vasja","personLastName":"Pupkin","personCode":"123456-12345","personBirthDate":"2010-05-29","medicalRiskLimitLevel":"LEVEL_10000"},{"personFirstName":"Petja","personLastName":"Pupkin","personCode":"123456-12345","personBirthDate":"2010-03-01","medicalRiskLimitLevel":"LEVEL_10000"}]}
Hibernate: select classifier0_.id as id1_4_, classifier0_.classifier_id as classifi4_4_, classifier0_.description as descript2_4_, classifier0_.ic as ic3_4_ from classifier_values classifier0_ left outer join classifiers classifier1_ on classifier0_.classifier_id=classifier1_.id where classifier1_.title=? and classifier0_.ic=?
Hibernate: select classifier0_.id as id1_5_0_, classifier0_.description as descript2_5_0_, classifier0_.title as title3_5_0_ from classifiers classifier0_ where classifier0_.id=?
Hibernate: select classifier0_.id as id1_4_, classifier0_.classifier_id as classifi4_4_, classifier0_.description as descript2_4_, classifier0_.ic as ic3_4_ from classifier_values classifier0_ left outer join classifiers classifier1_ on classifier0_.classifier_id=classifier1_.id where classifier1_.title=? and classifier0_.ic=?
Hibernate: select classifier0_.id as id1_5_0_, classifier0_.description as descript2_5_0_, classifier0_.title as title3_5_0_ from classifiers classifier0_ where classifier0_.id=?
Hibernate: select classifier0_.id as id1_4_, classifier0_.classifier_id as classifi4_4_, classifier0_.description as descript2_4_, classifier0_.ic as ic3_4_ from classifier_values classifier0_ left outer join classifiers classifier1_ on classifier0_.classifier_id=classifier1_.id where classifier1_.title=? and classifier0_.ic=?
2023-04-15 09:16:55,128 [Test worker] INFO  l.j.t.i.r.v.TravelCalculatePremiumResponseLoggerV2 - RESPONSE: {"errors":[{"errorCode":"ERROR_CODE_10","description":"Field country must not be empty!"}],"agreementDateFrom":null,"agreementDateTo":null,"country":null,"agreementPremium":null,"persons":null}
2023-04-15 09:16:55,128 [Test worker] INFO  l.j.t.i.r.c.TravelCalculatePremiumRequestExecutionTimeLogger - Request processing time (ms): 3
]]></system-out>
  <system-err><![CDATA[]]></system-err>
</testsuite>
