<?xml version="1.0" encoding="UTF-8"?>
<testsuite name="lv.javaguru.travel.insurance.core.validations.agreement.AgreementDateFromInFutureValidationTest" tests="2" skipped="0" failures="0" errors="0" timestamp="2023-04-15T06:16:52" hostname="VSAVONINS" time="0.015">
  <properties/>
  <testcase name="shouldNotReturnErrorWhenAgreementDateFromInFuture()" classname="lv.javaguru.travel.insurance.core.validations.agreement.AgreementDateFromInFutureValidationTest" time="0.007"/>
  <testcase name="shouldReturnErrorWhenAgreementDateFromInThePast()" classname="lv.javaguru.travel.insurance.core.validations.agreement.AgreementDateFromInFutureValidationTest" time="0.008"/>
  <system-out><![CDATA[]]></system-out>
  <system-err><![CDATA[]]></system-err>
</testsuite>
