<?xml version="1.0" encoding="UTF-8"?>
<testsuite name="lv.javaguru.travel.insurance.core.underwriting.calculators.medical.AgeCoefficientCalculatorTest" tests="2" skipped="0" failures="0" errors="0" timestamp="2023-04-15T06:16:51" hostname="VSAVONINS" time="0.069">
  <properties/>
  <testcase name="shouldFindCoefficientWhenAgeCoefficientExists()" classname="lv.javaguru.travel.insurance.core.underwriting.calculators.medical.AgeCoefficientCalculatorTest" time="0.066"/>
  <testcase name="shouldThrowExceptionWhenAgeCoefficientNotFound()" classname="lv.javaguru.travel.insurance.core.underwriting.calculators.medical.AgeCoefficientCalculatorTest" time="0.003"/>
  <system-out><![CDATA[]]></system-out>
  <system-err><![CDATA[]]></system-err>
</testsuite>
