<?xml version="1.0" encoding="UTF-8"?>
<testsuite name="lv.javaguru.travel.insurance.core.validations.person.PersonBirthDateInThePastValidationTest" tests="2" skipped="0" failures="0" errors="0" timestamp="2023-04-15T06:16:54" hostname="VSAVONINS" time="0.003">
  <properties/>
  <testcase name="shouldReturnErrorWhenPersonBirthDateInTheFuture()" classname="lv.javaguru.travel.insurance.core.validations.person.PersonBirthDateInThePastValidationTest" time="0.001"/>
  <testcase name="shouldNotReturnErrorWhenPersonBirthDateDateInThePast()" classname="lv.javaguru.travel.insurance.core.validations.person.PersonBirthDateInThePastValidationTest" time="0.002"/>
  <system-out><![CDATA[]]></system-out>
  <system-err><![CDATA[]]></system-err>
</testsuite>
