<?xml version="1.0" encoding="UTF-8"?>
<testsuite name="lv.javaguru.travel.insurance.rest.v2.TravelCalculatePremiumControllerTestCase31" tests="1" skipped="0" failures="0" errors="0" timestamp="2023-04-15T06:16:55" hostname="VSAVONINS" time="0.008">
  <properties/>
  <testcase name="execute()" classname="lv.javaguru.travel.insurance.rest.v2.TravelCalculatePremiumControllerTestCase31" time="0.008"/>
  <system-out><![CDATA[2023-04-15 09:16:55,219 [Test worker] INFO  o.s.b.t.c.SpringBootTestContextBootstrapper - Neither @ContextConfiguration nor @ContextHierarchy found for test class [lv.javaguru.travel.insurance.rest.v2.TravelCalculatePremiumControllerTestCase31], using SpringBootContextLoader
2023-04-15 09:16:55,219 [Test worker] INFO  o.s.t.c.s.AbstractContextLoader - Could not detect default resource locations for test class [lv.javaguru.travel.insurance.rest.v2.TravelCalculatePremiumControllerTestCase31]: no resource found for suffixes {-context.xml, Context.groovy}.
2023-04-15 09:16:55,220 [Test worker] INFO  o.s.t.c.s.AnnotationConfigContextLoaderUtils - Could not detect default configuration classes for test class [lv.javaguru.travel.insurance.rest.v2.TravelCalculatePremiumControllerTestCase31]: TravelCalculatePremiumControllerTestCase31 does not declare any static, non-private, non-final, nested classes annotated with @Configuration.
2023-04-15 09:16:55,221 [Test worker] INFO  o.s.b.t.c.SpringBootTestContextBootstrapper - Found @SpringBootConfiguration lv.javaguru.travel.insurance.InsuranceApplication for test class lv.javaguru.travel.insurance.rest.v2.TravelCalculatePremiumControllerTestCase31
2023-04-15 09:16:55,222 [Test worker] INFO  o.s.b.t.c.SpringBootTestContextBootstrapper - Loaded default TestExecutionListener class names from location [META-INF/spring.factories]: [org.springframework.boot.test.autoconfigure.restdocs.RestDocsTestExecutionListener, org.springframework.boot.test.autoconfigure.web.client.MockRestServiceServerResetTestExecutionListener, org.springframework.boot.test.autoconfigure.web.servlet.MockMvcPrintOnlyOnFailureTestExecutionListener, org.springframework.boot.test.autoconfigure.web.servlet.WebDriverTestExecutionListener, org.springframework.boot.test.autoconfigure.webservices.client.MockWebServiceServerTestExecutionListener, org.springframework.boot.test.mock.mockito.MockitoTestExecutionListener, org.springframework.boot.test.mock.mockito.ResetMocksTestExecutionListener, org.springframework.test.context.web.ServletTestExecutionListener, org.springframework.test.context.support.DirtiesContextBeforeModesTestExecutionListener, org.springframework.test.context.event.ApplicationEventsTestExecutionListener, org.springframework.test.context.support.DependencyInjectionTestExecutionListener, org.springframework.test.context.support.DirtiesContextTestExecutionListener, org.springframework.test.context.transaction.TransactionalTestExecutionListener, org.springframework.test.context.jdbc.SqlScriptsTestExecutionListener, org.springframework.test.context.event.EventPublishingTestExecutionListener]
2023-04-15 09:16:55,222 [Test worker] INFO  o.s.b.t.c.SpringBootTestContextBootstrapper - Using TestExecutionListeners: [org.springframework.test.context.web.ServletTestExecutionListener@70b2de98, org.springframework.test.context.support.DirtiesContextBeforeModesTestExecutionListener@4cee91b, org.springframework.test.context.event.ApplicationEventsTestExecutionListener@7b70596d, org.springframework.boot.test.mock.mockito.MockitoTestExecutionListener@696e9e14, org.springframework.boot.test.autoconfigure.SpringBootDependencyInjectionTestExecutionListener@f4ecbbf, org.springframework.test.context.support.DirtiesContextTestExecutionListener@7c3b7d7c, org.springframework.test.context.transaction.TransactionalTestExecutionListener@579e8a7, org.springframework.test.context.jdbc.SqlScriptsTestExecutionListener@18fa4822, org.springframework.test.context.event.EventPublishingTestExecutionListener@61906bb1, org.springframework.boot.test.autoconfigure.restdocs.RestDocsTestExecutionListener@46672a62, org.springframework.boot.test.autoconfigure.web.client.MockRestServiceServerResetTestExecutionListener@c91ced9, org.springframework.boot.test.autoconfigure.web.servlet.MockMvcPrintOnlyOnFailureTestExecutionListener@46e03c31, org.springframework.boot.test.autoconfigure.web.servlet.WebDriverTestExecutionListener@24cf1abf, org.springframework.boot.test.autoconfigure.webservices.client.MockWebServiceServerTestExecutionListener@5b84007e, org.springframework.boot.test.mock.mockito.ResetMocksTestExecutionListener@5961fad1]
2023-04-15 09:16:55,226 [Test worker] INFO  l.j.t.i.r.v.TravelCalculatePremiumRequestLoggerV2 - REQUEST: {"agreementDateFrom":"2050-05-29","agreementDateTo":"2060-05-29","country":"SPAIN","selectedRisks":["TRAVEL_MEDICAL"],"persons":[{"personFirstName":"Vasja","personLastName":"Pupkin","personCode":"123456-12345","personBirthDate":"2010-05-29","medicalRiskLimitLevel":"NOT_SUPPORTED_1"},{"personFirstName":"Vasja","personLastName":"Pupkin","personCode":"123456-12345","personBirthDate":"2010-05-29","medicalRiskLimitLevel":"NOT_SUPPORTED_2"}]}
Hibernate: select classifier0_.id as id1_4_, classifier0_.classifier_id as classifi4_4_, classifier0_.description as descript2_4_, classifier0_.ic as ic3_4_ from classifier_values classifier0_ left outer join classifiers classifier1_ on classifier0_.classifier_id=classifier1_.id where classifier1_.title=? and classifier0_.ic=?
Hibernate: select classifier0_.id as id1_5_0_, classifier0_.description as descript2_5_0_, classifier0_.title as title3_5_0_ from classifiers classifier0_ where classifier0_.id=?
Hibernate: select classifier0_.id as id1_4_, classifier0_.classifier_id as classifi4_4_, classifier0_.description as descript2_4_, classifier0_.ic as ic3_4_ from classifier_values classifier0_ left outer join classifiers classifier1_ on classifier0_.classifier_id=classifier1_.id where classifier1_.title=? and classifier0_.ic=?
Hibernate: select classifier0_.id as id1_5_0_, classifier0_.description as descript2_5_0_, classifier0_.title as title3_5_0_ from classifiers classifier0_ where classifier0_.id=?
Hibernate: select classifier0_.id as id1_4_, classifier0_.classifier_id as classifi4_4_, classifier0_.description as descript2_4_, classifier0_.ic as ic3_4_ from classifier_values classifier0_ left outer join classifiers classifier1_ on classifier0_.classifier_id=classifier1_.id where classifier1_.title=? and classifier0_.ic=?
Hibernate: select classifier0_.id as id1_4_, classifier0_.classifier_id as classifi4_4_, classifier0_.description as descript2_4_, classifier0_.ic as ic3_4_ from classifier_values classifier0_ left outer join classifiers classifier1_ on classifier0_.classifier_id=classifier1_.id where classifier1_.title=? and classifier0_.ic=?
2023-04-15 09:16:55,229 [Test worker] INFO  l.j.t.i.r.v.TravelCalculatePremiumResponseLoggerV2 - RESPONSE: {"errors":[{"errorCode":"ERROR_CODE_14","description":"MedicalRiskLimitLevel value = NOT_SUPPORTED_1 not supported!"},{"errorCode":"ERROR_CODE_14","description":"MedicalRiskLimitLevel value = NOT_SUPPORTED_2 not supported!"}],"agreementDateFrom":null,"agreementDateTo":null,"country":null,"agreementPremium":null,"persons":null}
2023-04-15 09:16:55,229 [Test worker] INFO  l.j.t.i.r.c.TravelCalculatePremiumRequestExecutionTimeLogger - Request processing time (ms): 4
]]></system-out>
  <system-err><![CDATA[]]></system-err>
</testsuite>
