<?xml version="1.0" encoding="UTF-8"?>
<testsuite name="lv.javaguru.travel.insurance.core.validations.TravelPersonFieldValidatorTest" tests="3" skipped="0" failures="0" errors="0" timestamp="2023-04-15T06:16:52" hostname="VSAVONINS" time="0.011">
  <properties/>
  <testcase name="shouldReturnListPersonErrors()" classname="lv.javaguru.travel.insurance.core.validations.TravelPersonFieldValidatorTest" time="0.006"/>
  <testcase name="shouldReturnSinglePersonErrors()" classname="lv.javaguru.travel.insurance.core.validations.TravelPersonFieldValidatorTest" time="0.001"/>
  <testcase name="shouldNotReturnErrors()" classname="lv.javaguru.travel.insurance.core.validations.TravelPersonFieldValidatorTest" time="0.003"/>
  <system-out><![CDATA[]]></system-out>
  <system-err><![CDATA[]]></system-err>
</testsuite>
