<?xml version="1.0" encoding="UTF-8"?>
<testsuite name="lv.javaguru.travel.insurance.core.util.ErrorCodeUtilTest" tests="2" skipped="0" failures="0" errors="0" timestamp="2023-04-15T06:16:51" hostname="VSAVONINS" time="0.048">
  <properties/>
  <testcase name="shouldGetErrorDescription()" classname="lv.javaguru.travel.insurance.core.util.ErrorCodeUtilTest" time="0.046"/>
  <testcase name="shouldGetErrorDescriptionWithPlaceholder()" classname="lv.javaguru.travel.insurance.core.util.ErrorCodeUtilTest" time="0.002"/>
  <system-out><![CDATA[]]></system-out>
  <system-err><![CDATA[]]></system-err>
</testsuite>
