<?xml version="1.0" encoding="UTF-8"?>
<testsuite name="lv.javaguru.travel.insurance.rest.v1.TravelCalculatePremiumControllerTestCase16" tests="1" skipped="0" failures="0" errors="0" timestamp="2023-04-15T06:16:54" hostname="VSAVONINS" time="0.012">
  <properties/>
  <testcase name="execute()" classname="lv.javaguru.travel.insurance.rest.v1.TravelCalculatePremiumControllerTestCase16" time="0.012"/>
  <system-out><![CDATA[2023-04-15 09:16:54,589 [Test worker] INFO  o.s.b.t.c.SpringBootTestContextBootstrapper - Neither @ContextConfiguration nor @ContextHierarchy found for test class [lv.javaguru.travel.insurance.rest.v1.TravelCalculatePremiumControllerTestCase16], using SpringBootContextLoader
2023-04-15 09:16:54,590 [Test worker] INFO  o.s.t.c.s.AbstractContextLoader - Could not detect default resource locations for test class [lv.javaguru.travel.insurance.rest.v1.TravelCalculatePremiumControllerTestCase16]: no resource found for suffixes {-context.xml, Context.groovy}.
2023-04-15 09:16:54,590 [Test worker] INFO  o.s.t.c.s.AnnotationConfigContextLoaderUtils - Could not detect default configuration classes for test class [lv.javaguru.travel.insurance.rest.v1.TravelCalculatePremiumControllerTestCase16]: TravelCalculatePremiumControllerTestCase16 does not declare any static, non-private, non-final, nested classes annotated with @Configuration.
2023-04-15 09:16:54,591 [Test worker] INFO  o.s.b.t.c.SpringBootTestContextBootstrapper - Found @SpringBootConfiguration lv.javaguru.travel.insurance.InsuranceApplication for test class lv.javaguru.travel.insurance.rest.v1.TravelCalculatePremiumControllerTestCase16
2023-04-15 09:16:54,592 [Test worker] INFO  o.s.b.t.c.SpringBootTestContextBootstrapper - Loaded default TestExecutionListener class names from location [META-INF/spring.factories]: [org.springframework.boot.test.autoconfigure.restdocs.RestDocsTestExecutionListener, org.springframework.boot.test.autoconfigure.web.client.MockRestServiceServerResetTestExecutionListener, org.springframework.boot.test.autoconfigure.web.servlet.MockMvcPrintOnlyOnFailureTestExecutionListener, org.springframework.boot.test.autoconfigure.web.servlet.WebDriverTestExecutionListener, org.springframework.boot.test.autoconfigure.webservices.client.MockWebServiceServerTestExecutionListener, org.springframework.boot.test.mock.mockito.MockitoTestExecutionListener, org.springframework.boot.test.mock.mockito.ResetMocksTestExecutionListener, org.springframework.test.context.web.ServletTestExecutionListener, org.springframework.test.context.support.DirtiesContextBeforeModesTestExecutionListener, org.springframework.test.context.event.ApplicationEventsTestExecutionListener, org.springframework.test.context.support.DependencyInjectionTestExecutionListener, org.springframework.test.context.support.DirtiesContextTestExecutionListener, org.springframework.test.context.transaction.TransactionalTestExecutionListener, org.springframework.test.context.jdbc.SqlScriptsTestExecutionListener, org.springframework.test.context.event.EventPublishingTestExecutionListener]
2023-04-15 09:16:54,592 [Test worker] INFO  o.s.b.t.c.SpringBootTestContextBootstrapper - Using TestExecutionListeners: [org.springframework.test.context.web.ServletTestExecutionListener@340d50c8, org.springframework.test.context.support.DirtiesContextBeforeModesTestExecutionListener@9cabd07, org.springframework.test.context.event.ApplicationEventsTestExecutionListener@2a32be8d, org.springframework.boot.test.mock.mockito.MockitoTestExecutionListener@7942987, org.springframework.boot.test.autoconfigure.SpringBootDependencyInjectionTestExecutionListener@5941a2ad, org.springframework.test.context.support.DirtiesContextTestExecutionListener@5bf1e07, org.springframework.test.context.transaction.TransactionalTestExecutionListener@3ac60eeb, org.springframework.test.context.jdbc.SqlScriptsTestExecutionListener@1c38d025, org.springframework.test.context.event.EventPublishingTestExecutionListener@48b85dc5, org.springframework.boot.test.autoconfigure.restdocs.RestDocsTestExecutionListener@350a3df3, org.springframework.boot.test.autoconfigure.web.client.MockRestServiceServerResetTestExecutionListener@3f31ccef, org.springframework.boot.test.autoconfigure.web.servlet.MockMvcPrintOnlyOnFailureTestExecutionListener@65d28ad4, org.springframework.boot.test.autoconfigure.web.servlet.WebDriverTestExecutionListener@6f0ea5de, org.springframework.boot.test.autoconfigure.webservices.client.MockWebServiceServerTestExecutionListener@b0ff869, org.springframework.boot.test.mock.mockito.ResetMocksTestExecutionListener@3ae81b53]
2023-04-15 09:16:54,598 [Test worker] INFO  l.j.t.i.r.v.TravelCalculatePremiumRequestLoggerV1 - REQUEST: {"personFirstName":"Vasja","personLastName":"Pupkin","personCode":"123456-12345","personBirthDate":"2000-05-29","agreementDateFrom":"2025-05-20","agreementDateTo":"2025-05-29","country":"SPAIN","medicalRiskLimitLevel":"LEVEL_10000","selectedRisks":["NOT_VALID_RISK_IC_1","NOT_VALID_RISK_IC_2"]}
Hibernate: select classifier0_.id as id1_4_, classifier0_.classifier_id as classifi4_4_, classifier0_.description as descript2_4_, classifier0_.ic as ic3_4_ from classifier_values classifier0_ left outer join classifiers classifier1_ on classifier0_.classifier_id=classifier1_.id where classifier1_.title=? and classifier0_.ic=?
Hibernate: select classifier0_.id as id1_5_0_, classifier0_.description as descript2_5_0_, classifier0_.title as title3_5_0_ from classifiers classifier0_ where classifier0_.id=?
Hibernate: select classifier0_.id as id1_4_, classifier0_.classifier_id as classifi4_4_, classifier0_.description as descript2_4_, classifier0_.ic as ic3_4_ from classifier_values classifier0_ left outer join classifiers classifier1_ on classifier0_.classifier_id=classifier1_.id where classifier1_.title=? and classifier0_.ic=?
Hibernate: select classifier0_.id as id1_4_, classifier0_.classifier_id as classifi4_4_, classifier0_.description as descript2_4_, classifier0_.ic as ic3_4_ from classifier_values classifier0_ left outer join classifiers classifier1_ on classifier0_.classifier_id=classifier1_.id where classifier1_.title=? and classifier0_.ic=?
Hibernate: select classifier0_.id as id1_4_, classifier0_.classifier_id as classifi4_4_, classifier0_.description as descript2_4_, classifier0_.ic as ic3_4_ from classifier_values classifier0_ left outer join classifiers classifier1_ on classifier0_.classifier_id=classifier1_.id where classifier1_.title=? and classifier0_.ic=?
Hibernate: select classifier0_.id as id1_5_0_, classifier0_.description as descript2_5_0_, classifier0_.title as title3_5_0_ from classifiers classifier0_ where classifier0_.id=?
2023-04-15 09:16:54,602 [Test worker] INFO  l.j.t.i.r.v.TravelCalculatePremiumResponseLoggerV1 - RESPONSE: {"errors":[{"errorCode":"ERROR_CODE_9","description":"Risk Type ic = NOT_VALID_RISK_IC_1 not supported!"},{"errorCode":"ERROR_CODE_9","description":"Risk Type ic = NOT_VALID_RISK_IC_2 not supported!"}],"personFirstName":null,"personLastName":null,"personCode":null,"personBirthDate":null,"agreementDateFrom":null,"agreementDateTo":null,"country":null,"medicalRiskLimitLevel":null,"agreementPremium":null,"risks":null}
2023-04-15 09:16:54,603 [Test worker] INFO  l.j.t.i.r.c.TravelCalculatePremiumRequestExecutionTimeLogger - Request processing time (ms): 6
]]></system-out>
  <system-err><![CDATA[]]></system-err>
</testsuite>
