<?xml version="1.0" encoding="UTF-8"?>
<testsuite name="lv.javaguru.travel.insurance.core.validations.person.EmptyPersonCodeValidationTest" tests="3" skipped="0" failures="0" errors="0" timestamp="2023-04-15T06:16:54" hostname="VSAVONINS" time="0.004">
  <properties/>
  <testcase name="shouldReturnErrorWhenPersonCodeIsEmpty()" classname="lv.javaguru.travel.insurance.core.validations.person.EmptyPersonCodeValidationTest" time="0.002"/>
  <testcase name="shouldNotReturnErrorWhenPersonCodeIsPresent()" classname="lv.javaguru.travel.insurance.core.validations.person.EmptyPersonCodeValidationTest" time="0.001"/>
  <testcase name="shouldReturnErrorWhenPersonCodeIsNull()" classname="lv.javaguru.travel.insurance.core.validations.person.EmptyPersonCodeValidationTest" time="0.001"/>
  <system-out><![CDATA[]]></system-out>
  <system-err><![CDATA[]]></system-err>
</testsuite>
