<?xml version="1.0" encoding="UTF-8"?>
<testsuite name="lv.javaguru.travel.insurance.rest.v2.TravelCalculatePremiumControllerTestCase12" tests="1" skipped="0" failures="0" errors="0" timestamp="2023-04-15T06:16:54" hostname="VSAVONINS" time="0.01">
  <properties/>
  <testcase name="execute()" classname="lv.javaguru.travel.insurance.rest.v2.TravelCalculatePremiumControllerTestCase12" time="0.01"/>
  <system-out><![CDATA[2023-04-15 09:16:54,929 [Test worker] INFO  o.s.b.t.c.SpringBootTestContextBootstrapper - Neither @ContextConfiguration nor @ContextHierarchy found for test class [lv.javaguru.travel.insurance.rest.v2.TravelCalculatePremiumControllerTestCase12], using SpringBootContextLoader
2023-04-15 09:16:54,930 [Test worker] INFO  o.s.t.c.s.AbstractContextLoader - Could not detect default resource locations for test class [lv.javaguru.travel.insurance.rest.v2.TravelCalculatePremiumControllerTestCase12]: no resource found for suffixes {-context.xml, Context.groovy}.
2023-04-15 09:16:54,930 [Test worker] INFO  o.s.t.c.s.AnnotationConfigContextLoaderUtils - Could not detect default configuration classes for test class [lv.javaguru.travel.insurance.rest.v2.TravelCalculatePremiumControllerTestCase12]: TravelCalculatePremiumControllerTestCase12 does not declare any static, non-private, non-final, nested classes annotated with @Configuration.
2023-04-15 09:16:54,931 [Test worker] INFO  o.s.b.t.c.SpringBootTestContextBootstrapper - Found @SpringBootConfiguration lv.javaguru.travel.insurance.InsuranceApplication for test class lv.javaguru.travel.insurance.rest.v2.TravelCalculatePremiumControllerTestCase12
2023-04-15 09:16:54,932 [Test worker] INFO  o.s.b.t.c.SpringBootTestContextBootstrapper - Loaded default TestExecutionListener class names from location [META-INF/spring.factories]: [org.springframework.boot.test.autoconfigure.restdocs.RestDocsTestExecutionListener, org.springframework.boot.test.autoconfigure.web.client.MockRestServiceServerResetTestExecutionListener, org.springframework.boot.test.autoconfigure.web.servlet.MockMvcPrintOnlyOnFailureTestExecutionListener, org.springframework.boot.test.autoconfigure.web.servlet.WebDriverTestExecutionListener, org.springframework.boot.test.autoconfigure.webservices.client.MockWebServiceServerTestExecutionListener, org.springframework.boot.test.mock.mockito.MockitoTestExecutionListener, org.springframework.boot.test.mock.mockito.ResetMocksTestExecutionListener, org.springframework.test.context.web.ServletTestExecutionListener, org.springframework.test.context.support.DirtiesContextBeforeModesTestExecutionListener, org.springframework.test.context.event.ApplicationEventsTestExecutionListener, org.springframework.test.context.support.DependencyInjectionTestExecutionListener, org.springframework.test.context.support.DirtiesContextTestExecutionListener, org.springframework.test.context.transaction.TransactionalTestExecutionListener, org.springframework.test.context.jdbc.SqlScriptsTestExecutionListener, org.springframework.test.context.event.EventPublishingTestExecutionListener]
2023-04-15 09:16:54,932 [Test worker] INFO  o.s.b.t.c.SpringBootTestContextBootstrapper - Using TestExecutionListeners: [org.springframework.test.context.web.ServletTestExecutionListener@19a48bde, org.springframework.test.context.support.DirtiesContextBeforeModesTestExecutionListener@5137526a, org.springframework.test.context.event.ApplicationEventsTestExecutionListener@684138c5, org.springframework.boot.test.mock.mockito.MockitoTestExecutionListener@6724f10e, org.springframework.boot.test.autoconfigure.SpringBootDependencyInjectionTestExecutionListener@5a637c4f, org.springframework.test.context.support.DirtiesContextTestExecutionListener@312cc16b, org.springframework.test.context.transaction.TransactionalTestExecutionListener@50ca509b, org.springframework.test.context.jdbc.SqlScriptsTestExecutionListener@1026770d, org.springframework.test.context.event.EventPublishingTestExecutionListener@5166f042, org.springframework.boot.test.autoconfigure.restdocs.RestDocsTestExecutionListener@616549c, org.springframework.boot.test.autoconfigure.web.client.MockRestServiceServerResetTestExecutionListener@45a824d, org.springframework.boot.test.autoconfigure.web.servlet.MockMvcPrintOnlyOnFailureTestExecutionListener@27e713d4, org.springframework.boot.test.autoconfigure.web.servlet.WebDriverTestExecutionListener@41e5038a, org.springframework.boot.test.autoconfigure.webservices.client.MockWebServiceServerTestExecutionListener@75630d9e, org.springframework.boot.test.mock.mockito.ResetMocksTestExecutionListener@257ba195]
2023-04-15 09:16:54,937 [Test worker] INFO  l.j.t.i.r.v.TravelCalculatePremiumRequestLoggerV2 - REQUEST: {"agreementDateFrom":"2025-05-25","agreementDateTo":"2025-05-29","country":"SPAIN","selectedRisks":["TRAVEL_MEDICAL"],"persons":[{"personFirstName":"Vasja","personLastName":"Pupkin","personCode":"123456-12345","personBirthDate":"2100-05-29","medicalRiskLimitLevel":"LEVEL_10000"},{"personFirstName":"Petja","personLastName":"Pupkin","personCode":"123456-12345","personBirthDate":"1950-03-01","medicalRiskLimitLevel":"LEVEL_10000"}]}
Hibernate: select classifier0_.id as id1_4_, classifier0_.classifier_id as classifi4_4_, classifier0_.description as descript2_4_, classifier0_.ic as ic3_4_ from classifier_values classifier0_ left outer join classifiers classifier1_ on classifier0_.classifier_id=classifier1_.id where classifier1_.title=? and classifier0_.ic=?
Hibernate: select classifier0_.id as id1_5_0_, classifier0_.description as descript2_5_0_, classifier0_.title as title3_5_0_ from classifiers classifier0_ where classifier0_.id=?
Hibernate: select classifier0_.id as id1_4_, classifier0_.classifier_id as classifi4_4_, classifier0_.description as descript2_4_, classifier0_.ic as ic3_4_ from classifier_values classifier0_ left outer join classifiers classifier1_ on classifier0_.classifier_id=classifier1_.id where classifier1_.title=? and classifier0_.ic=?
Hibernate: select classifier0_.id as id1_5_0_, classifier0_.description as descript2_5_0_, classifier0_.title as title3_5_0_ from classifiers classifier0_ where classifier0_.id=?
Hibernate: select classifier0_.id as id1_4_, classifier0_.classifier_id as classifi4_4_, classifier0_.description as descript2_4_, classifier0_.ic as ic3_4_ from classifier_values classifier0_ left outer join classifiers classifier1_ on classifier0_.classifier_id=classifier1_.id where classifier1_.title=? and classifier0_.ic=?
Hibernate: select classifier0_.id as id1_5_0_, classifier0_.description as descript2_5_0_, classifier0_.title as title3_5_0_ from classifiers classifier0_ where classifier0_.id=?
Hibernate: select classifier0_.id as id1_4_, classifier0_.classifier_id as classifi4_4_, classifier0_.description as descript2_4_, classifier0_.ic as ic3_4_ from classifier_values classifier0_ left outer join classifiers classifier1_ on classifier0_.classifier_id=classifier1_.id where classifier1_.title=? and classifier0_.ic=?
2023-04-15 09:16:54,941 [Test worker] INFO  l.j.t.i.r.v.TravelCalculatePremiumResponseLoggerV2 - RESPONSE: {"errors":[{"errorCode":"ERROR_CODE_12","description":"Field personBirthDate must be in the past!"}],"agreementDateFrom":null,"agreementDateTo":null,"country":null,"agreementPremium":null,"persons":null}
2023-04-15 09:16:54,941 [Test worker] INFO  l.j.t.i.r.c.TravelCalculatePremiumRequestExecutionTimeLogger - Request processing time (ms): 5
]]></system-out>
  <system-err><![CDATA[]]></system-err>
</testsuite>
