<?xml version="1.0" encoding="UTF-8"?>
<testsuite name="lv.javaguru.travel.insurance.core.underwriting.TravelPremiumUnderwritingTest" tests="1" skipped="0" failures="0" errors="0" timestamp="2023-04-15T06:16:51" hostname="VSAVONINS" time="0.01">
  <properties/>
  <testcase name="shouldCalculateTotalPremiumAsSumOfRiskPremiums()" classname="lv.javaguru.travel.insurance.core.underwriting.TravelPremiumUnderwritingTest" time="0.01"/>
  <system-out><![CDATA[]]></system-out>
  <system-err><![CDATA[]]></system-err>
</testsuite>
