<?xml version="1.0" encoding="UTF-8"?>
<testsuite name="lv.javaguru.travel.insurance.core.underwriting.calculators.medical.TravelMedicalRiskPremiumCalculatorTest" tests="1" skipped="0" failures="0" errors="0" timestamp="2023-04-15T06:16:51" hostname="VSAVONINS" time="0.018">
  <properties/>
  <testcase name="shouldCalculatePremiumCorrectly()" classname="lv.javaguru.travel.insurance.core.underwriting.calculators.medical.TravelMedicalRiskPremiumCalculatorTest" time="0.018"/>
  <system-out><![CDATA[]]></system-out>
  <system-err><![CDATA[]]></system-err>
</testsuite>
