<?xml version="1.0" encoding="UTF-8"?>
<testsuite name="lv.javaguru.travel.insurance.rest.v1.TravelCalculatePremiumControllerTestCase3" tests="1" skipped="0" failures="0" errors="0" timestamp="2023-04-15T06:16:54" hostname="VSAVONINS" time="0.01">
  <properties/>
  <testcase name="execute()" classname="lv.javaguru.travel.insurance.rest.v1.TravelCalculatePremiumControllerTestCase3" time="0.01"/>
  <system-out><![CDATA[2023-04-15 09:16:54,752 [Test worker] INFO  o.s.b.t.c.SpringBootTestContextBootstrapper - Neither @ContextConfiguration nor @ContextHierarchy found for test class [lv.javaguru.travel.insurance.rest.v1.TravelCalculatePremiumControllerTestCase3], using SpringBootContextLoader
2023-04-15 09:16:54,752 [Test worker] INFO  o.s.t.c.s.AbstractContextLoader - Could not detect default resource locations for test class [lv.javaguru.travel.insurance.rest.v1.TravelCalculatePremiumControllerTestCase3]: no resource found for suffixes {-context.xml, Context.groovy}.
2023-04-15 09:16:54,752 [Test worker] INFO  o.s.t.c.s.AnnotationConfigContextLoaderUtils - Could not detect default configuration classes for test class [lv.javaguru.travel.insurance.rest.v1.TravelCalculatePremiumControllerTestCase3]: TravelCalculatePremiumControllerTestCase3 does not declare any static, non-private, non-final, nested classes annotated with @Configuration.
2023-04-15 09:16:54,754 [Test worker] INFO  o.s.b.t.c.SpringBootTestContextBootstrapper - Found @SpringBootConfiguration lv.javaguru.travel.insurance.InsuranceApplication for test class lv.javaguru.travel.insurance.rest.v1.TravelCalculatePremiumControllerTestCase3
2023-04-15 09:16:54,755 [Test worker] INFO  o.s.b.t.c.SpringBootTestContextBootstrapper - Loaded default TestExecutionListener class names from location [META-INF/spring.factories]: [org.springframework.boot.test.autoconfigure.restdocs.RestDocsTestExecutionListener, org.springframework.boot.test.autoconfigure.web.client.MockRestServiceServerResetTestExecutionListener, org.springframework.boot.test.autoconfigure.web.servlet.MockMvcPrintOnlyOnFailureTestExecutionListener, org.springframework.boot.test.autoconfigure.web.servlet.WebDriverTestExecutionListener, org.springframework.boot.test.autoconfigure.webservices.client.MockWebServiceServerTestExecutionListener, org.springframework.boot.test.mock.mockito.MockitoTestExecutionListener, org.springframework.boot.test.mock.mockito.ResetMocksTestExecutionListener, org.springframework.test.context.web.ServletTestExecutionListener, org.springframework.test.context.support.DirtiesContextBeforeModesTestExecutionListener, org.springframework.test.context.event.ApplicationEventsTestExecutionListener, org.springframework.test.context.support.DependencyInjectionTestExecutionListener, org.springframework.test.context.support.DirtiesContextTestExecutionListener, org.springframework.test.context.transaction.TransactionalTestExecutionListener, org.springframework.test.context.jdbc.SqlScriptsTestExecutionListener, org.springframework.test.context.event.EventPublishingTestExecutionListener]
2023-04-15 09:16:54,755 [Test worker] INFO  o.s.b.t.c.SpringBootTestContextBootstrapper - Using TestExecutionListeners: [org.springframework.test.context.web.ServletTestExecutionListener@f4cfc61, org.springframework.test.context.support.DirtiesContextBeforeModesTestExecutionListener@64d7737c, org.springframework.test.context.event.ApplicationEventsTestExecutionListener@b632594, org.springframework.boot.test.mock.mockito.MockitoTestExecutionListener@4c822e9b, org.springframework.boot.test.autoconfigure.SpringBootDependencyInjectionTestExecutionListener@24456c9e, org.springframework.test.context.support.DirtiesContextTestExecutionListener@7bd6a7f9, org.springframework.test.context.transaction.TransactionalTestExecutionListener@690b6292, org.springframework.test.context.jdbc.SqlScriptsTestExecutionListener@34207fde, org.springframework.test.context.event.EventPublishingTestExecutionListener@3b8ec458, org.springframework.boot.test.autoconfigure.restdocs.RestDocsTestExecutionListener@75a955bf, org.springframework.boot.test.autoconfigure.web.client.MockRestServiceServerResetTestExecutionListener@4704b66a, org.springframework.boot.test.autoconfigure.web.servlet.MockMvcPrintOnlyOnFailureTestExecutionListener@70edffdb, org.springframework.boot.test.autoconfigure.web.servlet.WebDriverTestExecutionListener@3d8c499a, org.springframework.boot.test.autoconfigure.webservices.client.MockWebServiceServerTestExecutionListener@2b7e739, org.springframework.boot.test.mock.mockito.ResetMocksTestExecutionListener@60e2b6e3]
2023-04-15 09:16:54,760 [Test worker] INFO  l.j.t.i.r.v.TravelCalculatePremiumRequestLoggerV1 - REQUEST: {"personFirstName":"","personLastName":"Pupkin","personCode":"123456-12345","personBirthDate":"2000-05-29","agreementDateFrom":"2025-05-25","agreementDateTo":"2025-05-29","country":"SPAIN","medicalRiskLimitLevel":"LEVEL_10000","selectedRisks":["TRAVEL_MEDICAL"]}
Hibernate: select classifier0_.id as id1_4_, classifier0_.classifier_id as classifi4_4_, classifier0_.description as descript2_4_, classifier0_.ic as ic3_4_ from classifier_values classifier0_ left outer join classifiers classifier1_ on classifier0_.classifier_id=classifier1_.id where classifier1_.title=? and classifier0_.ic=?
Hibernate: select classifier0_.id as id1_5_0_, classifier0_.description as descript2_5_0_, classifier0_.title as title3_5_0_ from classifiers classifier0_ where classifier0_.id=?
Hibernate: select classifier0_.id as id1_4_, classifier0_.classifier_id as classifi4_4_, classifier0_.description as descript2_4_, classifier0_.ic as ic3_4_ from classifier_values classifier0_ left outer join classifiers classifier1_ on classifier0_.classifier_id=classifier1_.id where classifier1_.title=? and classifier0_.ic=?
Hibernate: select classifier0_.id as id1_5_0_, classifier0_.description as descript2_5_0_, classifier0_.title as title3_5_0_ from classifiers classifier0_ where classifier0_.id=?
Hibernate: select classifier0_.id as id1_4_, classifier0_.classifier_id as classifi4_4_, classifier0_.description as descript2_4_, classifier0_.ic as ic3_4_ from classifier_values classifier0_ left outer join classifiers classifier1_ on classifier0_.classifier_id=classifier1_.id where classifier1_.title=? and classifier0_.ic=?
Hibernate: select classifier0_.id as id1_5_0_, classifier0_.description as descript2_5_0_, classifier0_.title as title3_5_0_ from classifiers classifier0_ where classifier0_.id=?
2023-04-15 09:16:54,763 [Test worker] INFO  l.j.t.i.r.v.TravelCalculatePremiumResponseLoggerV1 - RESPONSE: {"errors":[{"errorCode":"ERROR_CODE_7","description":"Field personFirstName must not be empty!"}],"personFirstName":null,"personLastName":null,"personCode":null,"personBirthDate":null,"agreementDateFrom":null,"agreementDateTo":null,"country":null,"medicalRiskLimitLevel":null,"agreementPremium":null,"risks":null}
2023-04-15 09:16:54,764 [Test worker] INFO  l.j.t.i.r.c.TravelCalculatePremiumRequestExecutionTimeLogger - Request processing time (ms): 5
]]></system-out>
  <system-err><![CDATA[]]></system-err>
</testsuite>
