<?xml version="1.0" encoding="UTF-8"?>
<testsuite name="lv.javaguru.travel.insurance.core.validations.agreement.EmptySelectedRisksValidationTest" tests="3" skipped="0" failures="0" errors="0" timestamp="2023-04-15T06:16:52" hostname="VSAVONINS" time="0.004">
  <properties/>
  <testcase name="shouldReturnErrorWhenSelectedRisksIsNull()" classname="lv.javaguru.travel.insurance.core.validations.agreement.EmptySelectedRisksValidationTest" time="0.001"/>
  <testcase name="shouldReturnErrorWhenSelectedRisksIsEmpty()" classname="lv.javaguru.travel.insurance.core.validations.agreement.EmptySelectedRisksValidationTest" time="0.001"/>
  <testcase name="shouldNotReturnErrorWhenSelectedRisksIsNotEmpty()" classname="lv.javaguru.travel.insurance.core.validations.agreement.EmptySelectedRisksValidationTest" time="0.001"/>
  <system-out><![CDATA[]]></system-out>
  <system-err><![CDATA[]]></system-err>
</testsuite>
