<?xml version="1.0" encoding="UTF-8"?>
<testsuite name="lv.javaguru.travel.insurance.core.validations.ValidationErrorFactoryTest" tests="2" skipped="0" failures="0" errors="0" timestamp="2023-04-15T06:16:52" hostname="VSAVONINS" time="0.007">
  <properties/>
  <testcase name="shouldReturnValidationErrorWithDescription()" classname="lv.javaguru.travel.insurance.core.validations.ValidationErrorFactoryTest" time="0.006"/>
  <testcase name="shouldReturnValidationErrorWithDescriptionUsingPlaceholder()" classname="lv.javaguru.travel.insurance.core.validations.ValidationErrorFactoryTest" time="0.001"/>
  <system-out><![CDATA[]]></system-out>
  <system-err><![CDATA[]]></system-err>
</testsuite>
