<?xml version="1.0" encoding="UTF-8"?>
<testsuite name="lv.javaguru.travel.insurance.core.validations.agreement.SelectedRisksValidationTest" tests="3" skipped="0" failures="0" errors="0" timestamp="2023-04-15T06:16:52" hostname="VSAVONINS" time="0.031">
  <properties/>
  <testcase name="shouldValidateWithErrors()" classname="lv.javaguru.travel.insurance.core.validations.agreement.SelectedRisksValidationTest" time="0.018"/>
  <testcase name="shouldNotValidateWhenSelectedRisksIsNull()" classname="lv.javaguru.travel.insurance.core.validations.agreement.SelectedRisksValidationTest" time="0.001"/>
  <testcase name="shouldValidateWithoutErrors()" classname="lv.javaguru.travel.insurance.core.validations.agreement.SelectedRisksValidationTest" time="0.011"/>
  <system-out><![CDATA[]]></system-out>
  <system-err><![CDATA[]]></system-err>
</testsuite>
