<?xml version="1.0" encoding="UTF-8"?>
<testsuite name="lv.javaguru.travel.insurance.rest.v1.TravelCalculatePremiumControllerTestCase5" tests="1" skipped="0" failures="0" errors="0" timestamp="2023-04-15T06:16:54" hostname="VSAVONINS" time="0.011">
  <properties/>
  <testcase name="execute()" classname="lv.javaguru.travel.insurance.rest.v1.TravelCalculatePremiumControllerTestCase5" time="0.011"/>
  <system-out><![CDATA[2023-04-15 09:16:54,782 [Test worker] INFO  o.s.b.t.c.SpringBootTestContextBootstrapper - Neither @ContextConfiguration nor @ContextHierarchy found for test class [lv.javaguru.travel.insurance.rest.v1.TravelCalculatePremiumControllerTestCase5], using SpringBootContextLoader
2023-04-15 09:16:54,783 [Test worker] INFO  o.s.t.c.s.AbstractContextLoader - Could not detect default resource locations for test class [lv.javaguru.travel.insurance.rest.v1.TravelCalculatePremiumControllerTestCase5]: no resource found for suffixes {-context.xml, Context.groovy}.
2023-04-15 09:16:54,783 [Test worker] INFO  o.s.t.c.s.AnnotationConfigContextLoaderUtils - Could not detect default configuration classes for test class [lv.javaguru.travel.insurance.rest.v1.TravelCalculatePremiumControllerTestCase5]: TravelCalculatePremiumControllerTestCase5 does not declare any static, non-private, non-final, nested classes annotated with @Configuration.
2023-04-15 09:16:54,784 [Test worker] INFO  o.s.b.t.c.SpringBootTestContextBootstrapper - Found @SpringBootConfiguration lv.javaguru.travel.insurance.InsuranceApplication for test class lv.javaguru.travel.insurance.rest.v1.TravelCalculatePremiumControllerTestCase5
2023-04-15 09:16:54,785 [Test worker] INFO  o.s.b.t.c.SpringBootTestContextBootstrapper - Loaded default TestExecutionListener class names from location [META-INF/spring.factories]: [org.springframework.boot.test.autoconfigure.restdocs.RestDocsTestExecutionListener, org.springframework.boot.test.autoconfigure.web.client.MockRestServiceServerResetTestExecutionListener, org.springframework.boot.test.autoconfigure.web.servlet.MockMvcPrintOnlyOnFailureTestExecutionListener, org.springframework.boot.test.autoconfigure.web.servlet.WebDriverTestExecutionListener, org.springframework.boot.test.autoconfigure.webservices.client.MockWebServiceServerTestExecutionListener, org.springframework.boot.test.mock.mockito.MockitoTestExecutionListener, org.springframework.boot.test.mock.mockito.ResetMocksTestExecutionListener, org.springframework.test.context.web.ServletTestExecutionListener, org.springframework.test.context.support.DirtiesContextBeforeModesTestExecutionListener, org.springframework.test.context.event.ApplicationEventsTestExecutionListener, org.springframework.test.context.support.DependencyInjectionTestExecutionListener, org.springframework.test.context.support.DirtiesContextTestExecutionListener, org.springframework.test.context.transaction.TransactionalTestExecutionListener, org.springframework.test.context.jdbc.SqlScriptsTestExecutionListener, org.springframework.test.context.event.EventPublishingTestExecutionListener]
2023-04-15 09:16:54,785 [Test worker] INFO  o.s.b.t.c.SpringBootTestContextBootstrapper - Using TestExecutionListeners: [org.springframework.test.context.web.ServletTestExecutionListener@3518882c, org.springframework.test.context.support.DirtiesContextBeforeModesTestExecutionListener@71dc03a, org.springframework.test.context.event.ApplicationEventsTestExecutionListener@7ff48cdc, org.springframework.boot.test.mock.mockito.MockitoTestExecutionListener@7029653c, org.springframework.boot.test.autoconfigure.SpringBootDependencyInjectionTestExecutionListener@181cafd, org.springframework.test.context.support.DirtiesContextTestExecutionListener@68f4c6e7, org.springframework.test.context.transaction.TransactionalTestExecutionListener@33bd3549, org.springframework.test.context.jdbc.SqlScriptsTestExecutionListener@806a687, org.springframework.test.context.event.EventPublishingTestExecutionListener@7df5358, org.springframework.boot.test.autoconfigure.restdocs.RestDocsTestExecutionListener@49d26eba, org.springframework.boot.test.autoconfigure.web.client.MockRestServiceServerResetTestExecutionListener@139f1db4, org.springframework.boot.test.autoconfigure.web.servlet.MockMvcPrintOnlyOnFailureTestExecutionListener@2e90a3de, org.springframework.boot.test.autoconfigure.web.servlet.WebDriverTestExecutionListener@532860c7, org.springframework.boot.test.autoconfigure.webservices.client.MockWebServiceServerTestExecutionListener@9d573a6, org.springframework.boot.test.mock.mockito.ResetMocksTestExecutionListener@62ccbd95]
2023-04-15 09:16:54,790 [Test worker] INFO  l.j.t.i.r.v.TravelCalculatePremiumRequestLoggerV1 - REQUEST: {"personFirstName":"Vasja","personLastName":"","personCode":"123456-12345","personBirthDate":"2000-05-29","agreementDateFrom":"2025-05-25","agreementDateTo":"2025-05-29","country":"SPAIN","medicalRiskLimitLevel":"LEVEL_10000","selectedRisks":["TRAVEL_MEDICAL"]}
Hibernate: select classifier0_.id as id1_4_, classifier0_.classifier_id as classifi4_4_, classifier0_.description as descript2_4_, classifier0_.ic as ic3_4_ from classifier_values classifier0_ left outer join classifiers classifier1_ on classifier0_.classifier_id=classifier1_.id where classifier1_.title=? and classifier0_.ic=?
Hibernate: select classifier0_.id as id1_5_0_, classifier0_.description as descript2_5_0_, classifier0_.title as title3_5_0_ from classifiers classifier0_ where classifier0_.id=?
Hibernate: select classifier0_.id as id1_4_, classifier0_.classifier_id as classifi4_4_, classifier0_.description as descript2_4_, classifier0_.ic as ic3_4_ from classifier_values classifier0_ left outer join classifiers classifier1_ on classifier0_.classifier_id=classifier1_.id where classifier1_.title=? and classifier0_.ic=?
Hibernate: select classifier0_.id as id1_5_0_, classifier0_.description as descript2_5_0_, classifier0_.title as title3_5_0_ from classifiers classifier0_ where classifier0_.id=?
Hibernate: select classifier0_.id as id1_4_, classifier0_.classifier_id as classifi4_4_, classifier0_.description as descript2_4_, classifier0_.ic as ic3_4_ from classifier_values classifier0_ left outer join classifiers classifier1_ on classifier0_.classifier_id=classifier1_.id where classifier1_.title=? and classifier0_.ic=?
Hibernate: select classifier0_.id as id1_5_0_, classifier0_.description as descript2_5_0_, classifier0_.title as title3_5_0_ from classifiers classifier0_ where classifier0_.id=?
2023-04-15 09:16:54,794 [Test worker] INFO  l.j.t.i.r.v.TravelCalculatePremiumResponseLoggerV1 - RESPONSE: {"errors":[{"errorCode":"ERROR_CODE_8","description":"Field personLastName must not be empty!"}],"personFirstName":null,"personLastName":null,"personCode":null,"personBirthDate":null,"agreementDateFrom":null,"agreementDateTo":null,"country":null,"medicalRiskLimitLevel":null,"agreementPremium":null,"risks":null}
2023-04-15 09:16:54,794 [Test worker] INFO  l.j.t.i.r.c.TravelCalculatePremiumRequestExecutionTimeLogger - Request processing time (ms): 5
]]></system-out>
  <system-err><![CDATA[]]></system-err>
</testsuite>
